# Logfile created on 2015-03-14 11:05:51 -0600 by logger.rb/47272
I, [2015-03-14T11:05:51.453648 #28727]  INFO -- : *** Below you'll find the most recent exception thrown, this will likely (but not certainly) be the exception that made your application exit abnormally ***
E, [2015-03-14T11:05:51.453695 #28727] ERROR -- : exit (SystemExit)
/home/scottp/.rbenv/versions/2.2.0/lib/ruby/gems/2.2.0/gems/rspec-core-3.2.2/lib/rspec/core/runner.rb:39:in `exit'
/home/scottp/.rbenv/versions/2.2.0/lib/ruby/gems/2.2.0/gems/rspec-core-3.2.2/lib/rspec/core/runner.rb:39:in `invoke'
/home/scottp/.rbenv/versions/2.2.0/lib/ruby/gems/2.2.0/gems/rspec-core-3.2.2/exe/rspec:4:in `<top (required)>'
/home/scottp/.rbenv/versions/2.2.0/bin/rspec:23:in `load'
/home/scottp/.rbenv/versions/2.2.0/bin/rspec:23:in `<main>'
I, [2015-03-14T11:05:51.453734 #28727]  INFO -- : *** Below you'll find all the exception objects in memory, some of them may have been thrown in your application, others may just be in memory because they are standard exceptions ***
E, [2015-03-14T11:05:51.454293 #28727] ERROR -- : stream closed (IOError)

E, [2015-03-14T11:05:51.454360 #28727] ERROR -- : failed to allocate memory (NoMemoryError)

E, [2015-03-14T11:05:51.454395 #28727] ERROR -- : stack level too deep (SystemStackError)

E, [2015-03-14T11:05:51.454496 #28727] ERROR -- : exception reentered (fatal)

E, [2015-03-14T11:05:51.459161 #28727] ERROR -- : ArgumentError (ArgumentError)

E, [2015-03-14T11:05:51.461011 #28727] ERROR -- : undefined method `interval' for #<Class:0x007f336856d1f8> (NoMethodError)
(pry):3:in `block (2 levels) in <top (required)>'
/home/scottp/.rbenv/versions/2.2.0/lib/ruby/gems/2.2.0/gems/pry-0.10.1/lib/pry/pry_instance.rb:355:in `eval'
/home/scottp/.rbenv/versions/2.2.0/lib/ruby/gems/2.2.0/gems/pry-0.10.1/lib/pry/pry_instance.rb:355:in `evaluate_ruby'
/home/scottp/.rbenv/versions/2.2.0/lib/ruby/gems/2.2.0/gems/pry-0.10.1/lib/pry/pry_instance.rb:323:in `handle_line'
/home/scottp/.rbenv/versions/2.2.0/lib/ruby/gems/2.2.0/gems/pry-0.10.1/lib/pry/pry_instance.rb:243:in `block (2 levels) in eval'
/home/scottp/.rbenv/versions/2.2.0/lib/ruby/gems/2.2.0/gems/pry-0.10.1/lib/pry/pry_instance.rb:242:in `catch'
/home/scottp/.rbenv/versions/2.2.0/lib/ruby/gems/2.2.0/gems/pry-0.10.1/lib/pry/pry_instance.rb:242:in `block in eval'
/home/scottp/.rbenv/versions/2.2.0/lib/ruby/gems/2.2.0/gems/pry-0.10.1/lib/pry/pry_instance.rb:241:in `catch'
/home/scottp/.rbenv/versions/2.2.0/lib/ruby/gems/2.2.0/gems/pry-0.10.1/lib/pry/pry_instance.rb:241:in `eval'
/home/scottp/.rbenv/versions/2.2.0/lib/ruby/gems/2.2.0/gems/pry-0.10.1/lib/pry/repl.rb:77:in `block in repl'
/home/scottp/.rbenv/versions/2.2.0/lib/ruby/gems/2.2.0/gems/pry-0.10.1/lib/pry/repl.rb:67:in `loop'
/home/scottp/.rbenv/versions/2.2.0/lib/ruby/gems/2.2.0/gems/pry-0.10.1/lib/pry/repl.rb:67:in `repl'
/home/scottp/.rbenv/versions/2.2.0/lib/ruby/gems/2.2.0/gems/pry-0.10.1/lib/pry/repl.rb:38:in `block in start'
/home/scottp/.rbenv/versions/2.2.0/lib/ruby/gems/2.2.0/gems/pry-0.10.1/lib/pry/input_lock.rb:61:in `call'
/home/scottp/.rbenv/versions/2.2.0/lib/ruby/gems/2.2.0/gems/pry-0.10.1/lib/pry/input_lock.rb:61:in `__with_ownership'
/home/scottp/.rbenv/versions/2.2.0/lib/ruby/gems/2.2.0/gems/pry-0.10.1/lib/pry/input_lock.rb:79:in `with_ownership'
/home/scottp/.rbenv/versions/2.2.0/lib/ruby/gems/2.2.0/gems/pry-0.10.1/lib/pry/repl.rb:38:in `start'
/home/scottp/.rbenv/versions/2.2.0/lib/ruby/gems/2.2.0/gems/pry-0.10.1/lib/pry/repl.rb:15:in `start'
/home/scottp/.rbenv/versions/2.2.0/lib/ruby/gems/2.2.0/gems/pry-0.10.1/lib/pry/pry_class.rb:169:in `start'
/home/scottp/.rbenv/versions/2.2.0/lib/ruby/gems/2.2.0/gems/pry-0.10.1/lib/pry/core_extensions.rb:43:in `pry'
/home/scottp/workspace/i3-rbgen/spec/i3/blocks/base_spec.rb:8:in `block (2 levels) in <top (required)>'
/home/scottp/.rbenv/versions/2.2.0/lib/ruby/gems/2.2.0/gems/rspec-core-3.2.2/lib/rspec/core/example.rb:177:in `instance_exec'
/home/scottp/.rbenv/versions/2.2.0/lib/ruby/gems/2.2.0/gems/rspec-core-3.2.2/lib/rspec/core/example.rb:177:in `block in run'
/home/scottp/.rbenv/versions/2.2.0/lib/ruby/gems/2.2.0/gems/rspec-core-3.2.2/lib/rspec/core/example.rb:385:in `block in with_around_and_singleton_context_hooks'
/home/scottp/.rbenv/versions/2.2.0/lib/ruby/gems/2.2.0/gems/rspec-core-3.2.2/lib/rspec/core/example.rb:343:in `block in with_around_example_hooks'
/home/scottp/.rbenv/versions/2.2.0/lib/ruby/gems/2.2.0/gems/rspec-core-3.2.2/lib/rspec/core/hooks.rb:474:in `block in run'
/home/scottp/.rbenv/versions/2.2.0/lib/ruby/gems/2.2.0/gems/rspec-core-3.2.2/lib/rspec/core/hooks.rb:612:in `run_around_example_hooks_for'
/home/scottp/.rbenv/versions/2.2.0/lib/ruby/gems/2.2.0/gems/rspec-core-3.2.2/lib/rspec/core/hooks.rb:474:in `run'
/home/scottp/.rbenv/versions/2.2.0/lib/ruby/gems/2.2.0/gems/rspec-core-3.2.2/lib/rspec/core/example.rb:343:in `with_around_example_hooks'
/home/scottp/.rbenv/versions/2.2.0/lib/ruby/gems/2.2.0/gems/rspec-core-3.2.2/lib/rspec/core/example.rb:385:in `with_around_and_singleton_context_hooks'
/home/scottp/.rbenv/versions/2.2.0/lib/ruby/gems/2.2.0/gems/rspec-core-3.2.2/lib/rspec/core/example.rb:174:in `run'
/home/scottp/.rbenv/versions/2.2.0/lib/ruby/gems/2.2.0/gems/rspec-core-3.2.2/lib/rspec/core/example_group.rb:548:in `block in run_examples'
/home/scottp/.rbenv/versions/2.2.0/lib/ruby/gems/2.2.0/gems/rspec-core-3.2.2/lib/rspec/core/example_group.rb:544:in `map'
/home/scottp/.rbenv/versions/2.2.0/lib/ruby/gems/2.2.0/gems/rspec-core-3.2.2/lib/rspec/core/example_group.rb:544:in `run_examples'
/home/scottp/.rbenv/versions/2.2.0/lib/ruby/gems/2.2.0/gems/rspec-core-3.2.2/lib/rspec/core/example_group.rb:512:in `run'
/home/scottp/.rbenv/versions/2.2.0/lib/ruby/gems/2.2.0/gems/rspec-core-3.2.2/lib/rspec/core/runner.rb:110:in `block (3 levels) in run_specs'
/home/scottp/.rbenv/versions/2.2.0/lib/ruby/gems/2.2.0/gems/rspec-core-3.2.2/lib/rspec/core/runner.rb:110:in `map'
/home/scottp/.rbenv/versions/2.2.0/lib/ruby/gems/2.2.0/gems/rspec-core-3.2.2/lib/rspec/core/runner.rb:110:in `block (2 levels) in run_specs'
/home/scottp/.rbenv/versions/2.2.0/lib/ruby/gems/2.2.0/gems/rspec-core-3.2.2/lib/rspec/core/configuration.rb:1526:in `with_suite_hooks'
/home/scottp/.rbenv/versions/2.2.0/lib/ruby/gems/2.2.0/gems/rspec-core-3.2.2/lib/rspec/core/runner.rb:109:in `block in run_specs'
/home/scottp/.rbenv/versions/2.2.0/lib/ruby/gems/2.2.0/gems/rspec-core-3.2.2/lib/rspec/core/reporter.rb:62:in `report'
/home/scottp/.rbenv/versions/2.2.0/lib/ruby/gems/2.2.0/gems/rspec-core-3.2.2/lib/rspec/core/runner.rb:108:in `run_specs'
/home/scottp/.rbenv/versions/2.2.0/lib/ruby/gems/2.2.0/gems/rspec-core-3.2.2/lib/rspec/core/runner.rb:86:in `run'
/home/scottp/.rbenv/versions/2.2.0/lib/ruby/gems/2.2.0/gems/rspec-core-3.2.2/lib/rspec/core/runner.rb:70:in `run'
/home/scottp/.rbenv/versions/2.2.0/lib/ruby/gems/2.2.0/gems/rspec-core-3.2.2/lib/rspec/core/runner.rb:38:in `invoke'
/home/scottp/.rbenv/versions/2.2.0/lib/ruby/gems/2.2.0/gems/rspec-core-3.2.2/exe/rspec:4:in `<top (required)>'
/home/scottp/.rbenv/versions/2.2.0/bin/rspec:23:in `load'
/home/scottp/.rbenv/versions/2.2.0/bin/rspec:23:in `<main>'
E, [2015-03-14T11:05:51.461659 #28727] ERROR -- : expected: truthy value
     got: false (RSpec::Expectations::ExpectationNotMetError)
/home/scottp/.rbenv/versions/2.2.0/lib/ruby/gems/2.2.0/gems/rspec-expectations-3.2.0/lib/rspec/expectations/fail_with.rb:29:in `fail_with'
/home/scottp/.rbenv/versions/2.2.0/lib/ruby/gems/2.2.0/gems/rspec-expectations-3.2.0/lib/rspec/expectations/handler.rb:40:in `handle_failure'
/home/scottp/.rbenv/versions/2.2.0/lib/ruby/gems/2.2.0/gems/rspec-expectations-3.2.0/lib/rspec/expectations/handler.rb:50:in `block in handle_matcher'
/home/scottp/.rbenv/versions/2.2.0/lib/ruby/gems/2.2.0/gems/rspec-expectations-3.2.0/lib/rspec/expectations/handler.rb:27:in `with_matcher'
/home/scottp/.rbenv/versions/2.2.0/lib/ruby/gems/2.2.0/gems/rspec-expectations-3.2.0/lib/rspec/expectations/handler.rb:48:in `handle_matcher'
/home/scottp/.rbenv/versions/2.2.0/lib/ruby/gems/2.2.0/gems/rspec-expectations-3.2.0/lib/rspec/expectations/expectation_target.rb:54:in `to'
/home/scottp/workspace/i3-rbgen/spec/i3/blocks/base_spec.rb:8:in `block (2 levels) in <top (required)>'
/home/scottp/.rbenv/versions/2.2.0/lib/ruby/gems/2.2.0/gems/rspec-core-3.2.2/lib/rspec/core/example.rb:177:in `instance_exec'
/home/scottp/.rbenv/versions/2.2.0/lib/ruby/gems/2.2.0/gems/rspec-core-3.2.2/lib/rspec/core/example.rb:177:in `block in run'
/home/scottp/.rbenv/versions/2.2.0/lib/ruby/gems/2.2.0/gems/rspec-core-3.2.2/lib/rspec/core/example.rb:385:in `block in with_around_and_singleton_context_hooks'
/home/scottp/.rbenv/versions/2.2.0/lib/ruby/gems/2.2.0/gems/rspec-core-3.2.2/lib/rspec/core/example.rb:343:in `block in with_around_example_hooks'
/home/scottp/.rbenv/versions/2.2.0/lib/ruby/gems/2.2.0/gems/rspec-core-3.2.2/lib/rspec/core/hooks.rb:474:in `block in run'
/home/scottp/.rbenv/versions/2.2.0/lib/ruby/gems/2.2.0/gems/rspec-core-3.2.2/lib/rspec/core/hooks.rb:612:in `run_around_example_hooks_for'
/home/scottp/.rbenv/versions/2.2.0/lib/ruby/gems/2.2.0/gems/rspec-core-3.2.2/lib/rspec/core/hooks.rb:474:in `run'
/home/scottp/.rbenv/versions/2.2.0/lib/ruby/gems/2.2.0/gems/rspec-core-3.2.2/lib/rspec/core/example.rb:343:in `with_around_example_hooks'
/home/scottp/.rbenv/versions/2.2.0/lib/ruby/gems/2.2.0/gems/rspec-core-3.2.2/lib/rspec/core/example.rb:385:in `with_around_and_singleton_context_hooks'
/home/scottp/.rbenv/versions/2.2.0/lib/ruby/gems/2.2.0/gems/rspec-core-3.2.2/lib/rspec/core/example.rb:174:in `run'
/home/scottp/.rbenv/versions/2.2.0/lib/ruby/gems/2.2.0/gems/rspec-core-3.2.2/lib/rspec/core/example_group.rb:548:in `block in run_examples'
/home/scottp/.rbenv/versions/2.2.0/lib/ruby/gems/2.2.0/gems/rspec-core-3.2.2/lib/rspec/core/example_group.rb:544:in `map'
/home/scottp/.rbenv/versions/2.2.0/lib/ruby/gems/2.2.0/gems/rspec-core-3.2.2/lib/rspec/core/example_group.rb:544:in `run_examples'
/home/scottp/.rbenv/versions/2.2.0/lib/ruby/gems/2.2.0/gems/rspec-core-3.2.2/lib/rspec/core/example_group.rb:512:in `run'
/home/scottp/.rbenv/versions/2.2.0/lib/ruby/gems/2.2.0/gems/rspec-core-3.2.2/lib/rspec/core/runner.rb:110:in `block (3 levels) in run_specs'
/home/scottp/.rbenv/versions/2.2.0/lib/ruby/gems/2.2.0/gems/rspec-core-3.2.2/lib/rspec/core/runner.rb:110:in `map'
/home/scottp/.rbenv/versions/2.2.0/lib/ruby/gems/2.2.0/gems/rspec-core-3.2.2/lib/rspec/core/runner.rb:110:in `block (2 levels) in run_specs'
/home/scottp/.rbenv/versions/2.2.0/lib/ruby/gems/2.2.0/gems/rspec-core-3.2.2/lib/rspec/core/configuration.rb:1526:in `with_suite_hooks'
/home/scottp/.rbenv/versions/2.2.0/lib/ruby/gems/2.2.0/gems/rspec-core-3.2.2/lib/rspec/core/runner.rb:109:in `block in run_specs'
/home/scottp/.rbenv/versions/2.2.0/lib/ruby/gems/2.2.0/gems/rspec-core-3.2.2/lib/rspec/core/reporter.rb:62:in `report'
/home/scottp/.rbenv/versions/2.2.0/lib/ruby/gems/2.2.0/gems/rspec-core-3.2.2/lib/rspec/core/runner.rb:108:in `run_specs'
/home/scottp/.rbenv/versions/2.2.0/lib/ruby/gems/2.2.0/gems/rspec-core-3.2.2/lib/rspec/core/runner.rb:86:in `run'
/home/scottp/.rbenv/versions/2.2.0/lib/ruby/gems/2.2.0/gems/rspec-core-3.2.2/lib/rspec/core/runner.rb:70:in `run'
/home/scottp/.rbenv/versions/2.2.0/lib/ruby/gems/2.2.0/gems/rspec-core-3.2.2/lib/rspec/core/runner.rb:38:in `invoke'
/home/scottp/.rbenv/versions/2.2.0/lib/ruby/gems/2.2.0/gems/rspec-core-3.2.2/exe/rspec:4:in `<top (required)>'
/home/scottp/.rbenv/versions/2.2.0/bin/rspec:23:in `load'
/home/scottp/.rbenv/versions/2.2.0/bin/rspec:23:in `<main>'
E, [2015-03-14T11:05:51.461766 #28727] ERROR -- : File exists @ dir_s_mkdir - /home/scottp/workspace/i3-rbgen/tmp (Errno::EEXIST)
/home/scottp/.rbenv/versions/2.2.0/lib/ruby/2.2.0/fileutils.rb:252:in `mkdir'
/home/scottp/.rbenv/versions/2.2.0/lib/ruby/2.2.0/fileutils.rb:252:in `fu_mkdir'
/home/scottp/.rbenv/versions/2.2.0/lib/ruby/2.2.0/fileutils.rb:213:in `block in mkdir_p'
/home/scottp/.rbenv/versions/2.2.0/lib/ruby/2.2.0/fileutils.rb:210:in `each'
/home/scottp/.rbenv/versions/2.2.0/lib/ruby/2.2.0/fileutils.rb:210:in `mkdir_p'
/home/scottp/.rbenv/versions/2.2.0/lib/ruby/gems/2.2.0/gems/guard-rspec-4.5.0/lib/guard/rspec_formatter.rb:89:in `_write'
/home/scottp/.rbenv/versions/2.2.0/lib/ruby/gems/2.2.0/gems/guard-rspec-4.5.0/lib/guard/rspec_formatter.rb:79:in `write_summary'
/home/scottp/.rbenv/versions/2.2.0/lib/ruby/gems/2.2.0/gems/guard-rspec-4.5.0/lib/guard/rspec_formatter.rb:64:in `dump_summary'
/home/scottp/.rbenv/versions/2.2.0/lib/ruby/gems/2.2.0/gems/rspec-core-3.2.2/lib/rspec/core/reporter.rb:146:in `block in notify'
/home/scottp/.rbenv/versions/2.2.0/lib/ruby/gems/2.2.0/gems/rspec-core-3.2.2/lib/rspec/core/reporter.rb:145:in `each'
/home/scottp/.rbenv/versions/2.2.0/lib/ruby/gems/2.2.0/gems/rspec-core-3.2.2/lib/rspec/core/reporter.rb:145:in `notify'
/home/scottp/.rbenv/versions/2.2.0/lib/ruby/gems/2.2.0/gems/rspec-core-3.2.2/lib/rspec/core/reporter.rb:130:in `finish'
/home/scottp/.rbenv/versions/2.2.0/lib/ruby/gems/2.2.0/gems/rspec-core-3.2.2/lib/rspec/core/reporter.rb:64:in `report'
/home/scottp/.rbenv/versions/2.2.0/lib/ruby/gems/2.2.0/gems/rspec-core-3.2.2/lib/rspec/core/runner.rb:108:in `run_specs'
/home/scottp/.rbenv/versions/2.2.0/lib/ruby/gems/2.2.0/gems/rspec-core-3.2.2/lib/rspec/core/runner.rb:86:in `run'
/home/scottp/.rbenv/versions/2.2.0/lib/ruby/gems/2.2.0/gems/rspec-core-3.2.2/lib/rspec/core/runner.rb:70:in `run'
/home/scottp/.rbenv/versions/2.2.0/lib/ruby/gems/2.2.0/gems/rspec-core-3.2.2/lib/rspec/core/runner.rb:38:in `invoke'
/home/scottp/.rbenv/versions/2.2.0/lib/ruby/gems/2.2.0/gems/rspec-core-3.2.2/exe/rspec:4:in `<top (required)>'
/home/scottp/.rbenv/versions/2.2.0/bin/rspec:23:in `load'
/home/scottp/.rbenv/versions/2.2.0/bin/rspec:23:in `<main>'
E, [2015-03-14T11:05:51.461863 #28727] ERROR -- : No such file or directory @ rb_sysopen - /home/scottp/workspace/i3-rbgen/log/backtrace-20150314110551-28727.log (Errno::ENOENT)
/home/scottp/.rbenv/versions/2.2.0/lib/ruby/2.2.0/logger.rb:628:in `initialize'
/home/scottp/.rbenv/versions/2.2.0/lib/ruby/2.2.0/logger.rb:628:in `open'
/home/scottp/.rbenv/versions/2.2.0/lib/ruby/2.2.0/logger.rb:628:in `open_logfile'
/home/scottp/.rbenv/versions/2.2.0/lib/ruby/2.2.0/logger.rb:584:in `initialize'
/home/scottp/.rbenv/versions/2.2.0/lib/ruby/2.2.0/logger.rb:318:in `new'
/home/scottp/.rbenv/versions/2.2.0/lib/ruby/2.2.0/logger.rb:318:in `initialize'
/home/scottp/.rbenv/versions/2.2.0/lib/ruby/gems/2.2.0/gems/safely-0.3.2/lib/safely/backtrace.rb:24:in `new'
/home/scottp/.rbenv/versions/2.2.0/lib/ruby/gems/2.2.0/gems/safely-0.3.2/lib/safely/backtrace.rb:24:in `log_exceptions'
/home/scottp/.rbenv/versions/2.2.0/lib/ruby/gems/2.2.0/gems/safely-0.3.2/lib/safely/backtrace.rb:10:in `block in enable!'
E, [2015-03-14T11:05:51.461907 #28727] ERROR -- : exit (SystemExit)
/home/scottp/.rbenv/versions/2.2.0/lib/ruby/gems/2.2.0/gems/rspec-core-3.2.2/lib/rspec/core/runner.rb:39:in `exit'
/home/scottp/.rbenv/versions/2.2.0/lib/ruby/gems/2.2.0/gems/rspec-core-3.2.2/lib/rspec/core/runner.rb:39:in `invoke'
/home/scottp/.rbenv/versions/2.2.0/lib/ruby/gems/2.2.0/gems/rspec-core-3.2.2/exe/rspec:4:in `<top (required)>'
/home/scottp/.rbenv/versions/2.2.0/bin/rspec:23:in `load'
/home/scottp/.rbenv/versions/2.2.0/bin/rspec:23:in `<main>'
E, [2015-03-14T11:05:51.463396 #28727] ERROR -- : expected #<Class:0x007f33685cd008> to respond to :interval, :options with 0 arguments (RSpec::Expectations::ExpectationNotMetError)
/home/scottp/.rbenv/versions/2.2.0/lib/ruby/gems/2.2.0/gems/rspec-expectations-3.2.0/lib/rspec/expectations/fail_with.rb:29:in `fail_with'
/home/scottp/.rbenv/versions/2.2.0/lib/ruby/gems/2.2.0/gems/rspec-expectations-3.2.0/lib/rspec/expectations/handler.rb:40:in `handle_failure'
/home/scottp/.rbenv/versions/2.2.0/lib/ruby/gems/2.2.0/gems/rspec-expectations-3.2.0/lib/rspec/expectations/handler.rb:50:in `block in handle_matcher'
/home/scottp/.rbenv/versions/2.2.0/lib/ruby/gems/2.2.0/gems/rspec-expectations-3.2.0/lib/rspec/expectations/handler.rb:27:in `with_matcher'
/home/scottp/.rbenv/versions/2.2.0/lib/ruby/gems/2.2.0/gems/rspec-expectations-3.2.0/lib/rspec/expectations/handler.rb:48:in `handle_matcher'
/home/scottp/.rbenv/versions/2.2.0/lib/ruby/gems/2.2.0/gems/rspec-expectations-3.2.0/lib/rspec/expectations/expectation_target.rb:54:in `to'
/home/scottp/workspace/i3-rbgen/spec/i3/blocks/base_spec.rb:7:in `block (2 levels) in <top (required)>'
/home/scottp/.rbenv/versions/2.2.0/lib/ruby/gems/2.2.0/gems/rspec-core-3.2.2/lib/rspec/core/example.rb:177:in `instance_exec'
/home/scottp/.rbenv/versions/2.2.0/lib/ruby/gems/2.2.0/gems/rspec-core-3.2.2/lib/rspec/core/example.rb:177:in `block in run'
/home/scottp/.rbenv/versions/2.2.0/lib/ruby/gems/2.2.0/gems/rspec-core-3.2.2/lib/rspec/core/example.rb:385:in `block in with_around_and_singleton_context_hooks'
/home/scottp/.rbenv/versions/2.2.0/lib/ruby/gems/2.2.0/gems/rspec-core-3.2.2/lib/rspec/core/example.rb:343:in `block in with_around_example_hooks'
/home/scottp/.rbenv/versions/2.2.0/lib/ruby/gems/2.2.0/gems/rspec-core-3.2.2/lib/rspec/core/hooks.rb:474:in `block in run'
/home/scottp/.rbenv/versions/2.2.0/lib/ruby/gems/2.2.0/gems/rspec-core-3.2.2/lib/rspec/core/hooks.rb:612:in `run_around_example_hooks_for'
/home/scottp/.rbenv/versions/2.2.0/lib/ruby/gems/2.2.0/gems/rspec-core-3.2.2/lib/rspec/core/hooks.rb:474:in `run'
/home/scottp/.rbenv/versions/2.2.0/lib/ruby/gems/2.2.0/gems/rspec-core-3.2.2/lib/rspec/core/example.rb:343:in `with_around_example_hooks'
/home/scottp/.rbenv/versions/2.2.0/lib/ruby/gems/2.2.0/gems/rspec-core-3.2.2/lib/rspec/core/example.rb:385:in `with_around_and_singleton_context_hooks'
/home/scottp/.rbenv/versions/2.2.0/lib/ruby/gems/2.2.0/gems/rspec-core-3.2.2/lib/rspec/core/example.rb:174:in `run'
/home/scottp/.rbenv/versions/2.2.0/lib/ruby/gems/2.2.0/gems/rspec-core-3.2.2/lib/rspec/core/example_group.rb:548:in `block in run_examples'
/home/scottp/.rbenv/versions/2.2.0/lib/ruby/gems/2.2.0/gems/rspec-core-3.2.2/lib/rspec/core/example_group.rb:544:in `map'
/home/scottp/.rbenv/versions/2.2.0/lib/ruby/gems/2.2.0/gems/rspec-core-3.2.2/lib/rspec/core/example_group.rb:544:in `run_examples'
/home/scottp/.rbenv/versions/2.2.0/lib/ruby/gems/2.2.0/gems/rspec-core-3.2.2/lib/rspec/core/example_group.rb:512:in `run'
/home/scottp/.rbenv/versions/2.2.0/lib/ruby/gems/2.2.0/gems/rspec-core-3.2.2/lib/rspec/core/runner.rb:110:in `block (3 levels) in run_specs'
/home/scottp/.rbenv/versions/2.2.0/lib/ruby/gems/2.2.0/gems/rspec-core-3.2.2/lib/rspec/core/runner.rb:110:in `map'
/home/scottp/.rbenv/versions/2.2.0/lib/ruby/gems/2.2.0/gems/rspec-core-3.2.2/lib/rspec/core/runner.rb:110:in `block (2 levels) in run_specs'
/home/scottp/.rbenv/versions/2.2.0/lib/ruby/gems/2.2.0/gems/rspec-core-3.2.2/lib/rspec/core/configuration.rb:1526:in `with_suite_hooks'
/home/scottp/.rbenv/versions/2.2.0/lib/ruby/gems/2.2.0/gems/rspec-core-3.2.2/lib/rspec/core/runner.rb:109:in `block in run_specs'
/home/scottp/.rbenv/versions/2.2.0/lib/ruby/gems/2.2.0/gems/rspec-core-3.2.2/lib/rspec/core/reporter.rb:62:in `report'
/home/scottp/.rbenv/versions/2.2.0/lib/ruby/gems/2.2.0/gems/rspec-core-3.2.2/lib/rspec/core/runner.rb:108:in `run_specs'
/home/scottp/.rbenv/versions/2.2.0/lib/ruby/gems/2.2.0/gems/rspec-core-3.2.2/lib/rspec/core/runner.rb:86:in `run'
/home/scottp/.rbenv/versions/2.2.0/lib/ruby/gems/2.2.0/gems/rspec-core-3.2.2/lib/rspec/core/runner.rb:70:in `run'
/home/scottp/.rbenv/versions/2.2.0/lib/ruby/gems/2.2.0/gems/rspec-core-3.2.2/lib/rspec/core/runner.rb:38:in `invoke'
/home/scottp/.rbenv/versions/2.2.0/lib/ruby/gems/2.2.0/gems/rspec-core-3.2.2/exe/rspec:4:in `<top (required)>'
/home/scottp/.rbenv/versions/2.2.0/bin/rspec:23:in `load'
/home/scottp/.rbenv/versions/2.2.0/bin/rspec:23:in `<main>'
