# Logfile created on 2015-03-14 01:35:00 -0600 by logger.rb/47272
I, [2015-03-14T01:35:00.235867 #861]  INFO -- : *** Below you'll find the most recent exception thrown, this will likely (but not certainly) be the exception that made your application exit abnormally ***
E, [2015-03-14T01:35:00.235910 #861] ERROR -- : exit (SystemExit)
/home/scottp/.rbenv/versions/2.2.0/lib/ruby/gems/2.2.0/gems/rspec-core-3.2.2/lib/rspec/core/runner.rb:39:in `exit'
/home/scottp/.rbenv/versions/2.2.0/lib/ruby/gems/2.2.0/gems/rspec-core-3.2.2/lib/rspec/core/runner.rb:39:in `invoke'
/home/scottp/.rbenv/versions/2.2.0/lib/ruby/gems/2.2.0/gems/rspec-core-3.2.2/exe/rspec:4:in `<top (required)>'
/home/scottp/.rbenv/versions/2.2.0/bin/rspec:23:in `load'
/home/scottp/.rbenv/versions/2.2.0/bin/rspec:23:in `<main>'
I, [2015-03-14T01:35:00.235967 #861]  INFO -- : *** Below you'll find all the exception objects in memory, some of them may have been thrown in your application, others may just be in memory because they are standard exceptions ***
E, [2015-03-14T01:35:00.247020 #861] ERROR -- : stream closed (IOError)

E, [2015-03-14T01:35:00.247203 #861] ERROR -- : failed to allocate memory (NoMemoryError)

E, [2015-03-14T01:35:00.247246 #861] ERROR -- : stack level too deep (SystemStackError)

E, [2015-03-14T01:35:00.247379 #861] ERROR -- : exception reentered (fatal)

E, [2015-03-14T01:35:00.249789 #861] ERROR -- : Expected example to fail since it is pending, but it passed. (RSpec::Core::Pending::PendingExampleFixedError)
./spec/i3-rb_gen_spec.rb:7
E, [2015-03-14T01:35:00.250600 #861] ERROR -- : undefined method `to_json' for {}:Hash (NoMethodError)
/home/scottp/workspace/i3-rbgen/lib/i3/bar/message.rb:24:in `to_json'
/home/scottp/workspace/i3-rbgen/spec/i3/bar/message_spec.rb:22:in `block (4 levels) in <top (required)>'
/home/scottp/.rbenv/versions/2.2.0/lib/ruby/gems/2.2.0/gems/rspec-core-3.2.2/lib/rspec/core/memoized_helpers.rb:242:in `block (2 levels) in let'
/home/scottp/.rbenv/versions/2.2.0/lib/ruby/gems/2.2.0/gems/rspec-core-3.2.2/lib/rspec/core/memoized_helpers.rb:242:in `fetch'
/home/scottp/.rbenv/versions/2.2.0/lib/ruby/gems/2.2.0/gems/rspec-core-3.2.2/lib/rspec/core/memoized_helpers.rb:242:in `block in let'
/home/scottp/.rbenv/versions/2.2.0/lib/ruby/gems/2.2.0/gems/rspec-core-3.2.2/lib/rspec/core/memoized_helpers.rb:119:in `is_expected'
/home/scottp/workspace/i3-rbgen/spec/i3/bar/message_spec.rb:23:in `block (4 levels) in <top (required)>'
/home/scottp/.rbenv/versions/2.2.0/lib/ruby/gems/2.2.0/gems/rspec-core-3.2.2/lib/rspec/core/example.rb:177:in `instance_exec'
/home/scottp/.rbenv/versions/2.2.0/lib/ruby/gems/2.2.0/gems/rspec-core-3.2.2/lib/rspec/core/example.rb:177:in `block in run'
/home/scottp/.rbenv/versions/2.2.0/lib/ruby/gems/2.2.0/gems/rspec-core-3.2.2/lib/rspec/core/example.rb:385:in `block in with_around_and_singleton_context_hooks'
/home/scottp/.rbenv/versions/2.2.0/lib/ruby/gems/2.2.0/gems/rspec-core-3.2.2/lib/rspec/core/example.rb:343:in `block in with_around_example_hooks'
/home/scottp/.rbenv/versions/2.2.0/lib/ruby/gems/2.2.0/gems/rspec-core-3.2.2/lib/rspec/core/hooks.rb:474:in `block in run'
/home/scottp/.rbenv/versions/2.2.0/lib/ruby/gems/2.2.0/gems/rspec-core-3.2.2/lib/rspec/core/hooks.rb:612:in `run_around_example_hooks_for'
/home/scottp/.rbenv/versions/2.2.0/lib/ruby/gems/2.2.0/gems/rspec-core-3.2.2/lib/rspec/core/hooks.rb:474:in `run'
/home/scottp/.rbenv/versions/2.2.0/lib/ruby/gems/2.2.0/gems/rspec-core-3.2.2/lib/rspec/core/example.rb:343:in `with_around_example_hooks'
/home/scottp/.rbenv/versions/2.2.0/lib/ruby/gems/2.2.0/gems/rspec-core-3.2.2/lib/rspec/core/example.rb:385:in `with_around_and_singleton_context_hooks'
/home/scottp/.rbenv/versions/2.2.0/lib/ruby/gems/2.2.0/gems/rspec-core-3.2.2/lib/rspec/core/example.rb:174:in `run'
/home/scottp/.rbenv/versions/2.2.0/lib/ruby/gems/2.2.0/gems/rspec-core-3.2.2/lib/rspec/core/example_group.rb:548:in `block in run_examples'
/home/scottp/.rbenv/versions/2.2.0/lib/ruby/gems/2.2.0/gems/rspec-core-3.2.2/lib/rspec/core/example_group.rb:544:in `map'
/home/scottp/.rbenv/versions/2.2.0/lib/ruby/gems/2.2.0/gems/rspec-core-3.2.2/lib/rspec/core/example_group.rb:544:in `run_examples'
/home/scottp/.rbenv/versions/2.2.0/lib/ruby/gems/2.2.0/gems/rspec-core-3.2.2/lib/rspec/core/example_group.rb:512:in `run'
/home/scottp/.rbenv/versions/2.2.0/lib/ruby/gems/2.2.0/gems/rspec-core-3.2.2/lib/rspec/core/example_group.rb:513:in `block in run'
/home/scottp/.rbenv/versions/2.2.0/lib/ruby/gems/2.2.0/gems/rspec-core-3.2.2/lib/rspec/core/example_group.rb:513:in `map'
/home/scottp/.rbenv/versions/2.2.0/lib/ruby/gems/2.2.0/gems/rspec-core-3.2.2/lib/rspec/core/example_group.rb:513:in `run'
/home/scottp/.rbenv/versions/2.2.0/lib/ruby/gems/2.2.0/gems/rspec-core-3.2.2/lib/rspec/core/example_group.rb:513:in `block in run'
/home/scottp/.rbenv/versions/2.2.0/lib/ruby/gems/2.2.0/gems/rspec-core-3.2.2/lib/rspec/core/example_group.rb:513:in `map'
/home/scottp/.rbenv/versions/2.2.0/lib/ruby/gems/2.2.0/gems/rspec-core-3.2.2/lib/rspec/core/example_group.rb:513:in `run'
/home/scottp/.rbenv/versions/2.2.0/lib/ruby/gems/2.2.0/gems/rspec-core-3.2.2/lib/rspec/core/runner.rb:110:in `block (3 levels) in run_specs'
/home/scottp/.rbenv/versions/2.2.0/lib/ruby/gems/2.2.0/gems/rspec-core-3.2.2/lib/rspec/core/runner.rb:110:in `map'
/home/scottp/.rbenv/versions/2.2.0/lib/ruby/gems/2.2.0/gems/rspec-core-3.2.2/lib/rspec/core/runner.rb:110:in `block (2 levels) in run_specs'
/home/scottp/.rbenv/versions/2.2.0/lib/ruby/gems/2.2.0/gems/rspec-core-3.2.2/lib/rspec/core/configuration.rb:1526:in `with_suite_hooks'
/home/scottp/.rbenv/versions/2.2.0/lib/ruby/gems/2.2.0/gems/rspec-core-3.2.2/lib/rspec/core/runner.rb:109:in `block in run_specs'
/home/scottp/.rbenv/versions/2.2.0/lib/ruby/gems/2.2.0/gems/rspec-core-3.2.2/lib/rspec/core/reporter.rb:62:in `report'
/home/scottp/.rbenv/versions/2.2.0/lib/ruby/gems/2.2.0/gems/rspec-core-3.2.2/lib/rspec/core/runner.rb:108:in `run_specs'
/home/scottp/.rbenv/versions/2.2.0/lib/ruby/gems/2.2.0/gems/rspec-core-3.2.2/lib/rspec/core/runner.rb:86:in `run'
/home/scottp/.rbenv/versions/2.2.0/lib/ruby/gems/2.2.0/gems/rspec-core-3.2.2/lib/rspec/core/runner.rb:70:in `run'
/home/scottp/.rbenv/versions/2.2.0/lib/ruby/gems/2.2.0/gems/rspec-core-3.2.2/lib/rspec/core/runner.rb:38:in `invoke'
/home/scottp/.rbenv/versions/2.2.0/lib/ruby/gems/2.2.0/gems/rspec-core-3.2.2/exe/rspec:4:in `<top (required)>'
/home/scottp/.rbenv/versions/2.2.0/bin/rspec:23:in `load'
/home/scottp/.rbenv/versions/2.2.0/bin/rspec:23:in `<main>'
E, [2015-03-14T01:35:00.251203 #861] ERROR -- : undefined method `to_json' for {:full_text=>"Testing", :short_text=>"test", :color=>"#333333"}:Hash (NoMethodError)
/home/scottp/workspace/i3-rbgen/lib/i3/bar/message.rb:24:in `to_json'
/home/scottp/workspace/i3-rbgen/spec/i3/bar/message_spec.rb:18:in `block (3 levels) in <top (required)>'
/home/scottp/.rbenv/versions/2.2.0/lib/ruby/gems/2.2.0/gems/rspec-core-3.2.2/lib/rspec/core/memoized_helpers.rb:242:in `block (2 levels) in let'
/home/scottp/.rbenv/versions/2.2.0/lib/ruby/gems/2.2.0/gems/rspec-core-3.2.2/lib/rspec/core/memoized_helpers.rb:242:in `fetch'
/home/scottp/.rbenv/versions/2.2.0/lib/ruby/gems/2.2.0/gems/rspec-core-3.2.2/lib/rspec/core/memoized_helpers.rb:242:in `block in let'
/home/scottp/.rbenv/versions/2.2.0/lib/ruby/gems/2.2.0/gems/rspec-core-3.2.2/lib/rspec/core/memoized_helpers.rb:119:in `is_expected'
/home/scottp/workspace/i3-rbgen/spec/i3/bar/message_spec.rb:19:in `block (3 levels) in <top (required)>'
/home/scottp/.rbenv/versions/2.2.0/lib/ruby/gems/2.2.0/gems/rspec-core-3.2.2/lib/rspec/core/example.rb:177:in `instance_exec'
/home/scottp/.rbenv/versions/2.2.0/lib/ruby/gems/2.2.0/gems/rspec-core-3.2.2/lib/rspec/core/example.rb:177:in `block in run'
/home/scottp/.rbenv/versions/2.2.0/lib/ruby/gems/2.2.0/gems/rspec-core-3.2.2/lib/rspec/core/example.rb:385:in `block in with_around_and_singleton_context_hooks'
/home/scottp/.rbenv/versions/2.2.0/lib/ruby/gems/2.2.0/gems/rspec-core-3.2.2/lib/rspec/core/example.rb:343:in `block in with_around_example_hooks'
/home/scottp/.rbenv/versions/2.2.0/lib/ruby/gems/2.2.0/gems/rspec-core-3.2.2/lib/rspec/core/hooks.rb:474:in `block in run'
/home/scottp/.rbenv/versions/2.2.0/lib/ruby/gems/2.2.0/gems/rspec-core-3.2.2/lib/rspec/core/hooks.rb:612:in `run_around_example_hooks_for'
/home/scottp/.rbenv/versions/2.2.0/lib/ruby/gems/2.2.0/gems/rspec-core-3.2.2/lib/rspec/core/hooks.rb:474:in `run'
/home/scottp/.rbenv/versions/2.2.0/lib/ruby/gems/2.2.0/gems/rspec-core-3.2.2/lib/rspec/core/example.rb:343:in `with_around_example_hooks'
/home/scottp/.rbenv/versions/2.2.0/lib/ruby/gems/2.2.0/gems/rspec-core-3.2.2/lib/rspec/core/example.rb:385:in `with_around_and_singleton_context_hooks'
/home/scottp/.rbenv/versions/2.2.0/lib/ruby/gems/2.2.0/gems/rspec-core-3.2.2/lib/rspec/core/example.rb:174:in `run'
/home/scottp/.rbenv/versions/2.2.0/lib/ruby/gems/2.2.0/gems/rspec-core-3.2.2/lib/rspec/core/example_group.rb:548:in `block in run_examples'
/home/scottp/.rbenv/versions/2.2.0/lib/ruby/gems/2.2.0/gems/rspec-core-3.2.2/lib/rspec/core/example_group.rb:544:in `map'
/home/scottp/.rbenv/versions/2.2.0/lib/ruby/gems/2.2.0/gems/rspec-core-3.2.2/lib/rspec/core/example_group.rb:544:in `run_examples'
/home/scottp/.rbenv/versions/2.2.0/lib/ruby/gems/2.2.0/gems/rspec-core-3.2.2/lib/rspec/core/example_group.rb:512:in `run'
/home/scottp/.rbenv/versions/2.2.0/lib/ruby/gems/2.2.0/gems/rspec-core-3.2.2/lib/rspec/core/example_group.rb:513:in `block in run'
/home/scottp/.rbenv/versions/2.2.0/lib/ruby/gems/2.2.0/gems/rspec-core-3.2.2/lib/rspec/core/example_group.rb:513:in `map'
/home/scottp/.rbenv/versions/2.2.0/lib/ruby/gems/2.2.0/gems/rspec-core-3.2.2/lib/rspec/core/example_group.rb:513:in `run'
/home/scottp/.rbenv/versions/2.2.0/lib/ruby/gems/2.2.0/gems/rspec-core-3.2.2/lib/rspec/core/runner.rb:110:in `block (3 levels) in run_specs'
/home/scottp/.rbenv/versions/2.2.0/lib/ruby/gems/2.2.0/gems/rspec-core-3.2.2/lib/rspec/core/runner.rb:110:in `map'
/home/scottp/.rbenv/versions/2.2.0/lib/ruby/gems/2.2.0/gems/rspec-core-3.2.2/lib/rspec/core/runner.rb:110:in `block (2 levels) in run_specs'
/home/scottp/.rbenv/versions/2.2.0/lib/ruby/gems/2.2.0/gems/rspec-core-3.2.2/lib/rspec/core/configuration.rb:1526:in `with_suite_hooks'
/home/scottp/.rbenv/versions/2.2.0/lib/ruby/gems/2.2.0/gems/rspec-core-3.2.2/lib/rspec/core/runner.rb:109:in `block in run_specs'
/home/scottp/.rbenv/versions/2.2.0/lib/ruby/gems/2.2.0/gems/rspec-core-3.2.2/lib/rspec/core/reporter.rb:62:in `report'
/home/scottp/.rbenv/versions/2.2.0/lib/ruby/gems/2.2.0/gems/rspec-core-3.2.2/lib/rspec/core/runner.rb:108:in `run_specs'
/home/scottp/.rbenv/versions/2.2.0/lib/ruby/gems/2.2.0/gems/rspec-core-3.2.2/lib/rspec/core/runner.rb:86:in `run'
/home/scottp/.rbenv/versions/2.2.0/lib/ruby/gems/2.2.0/gems/rspec-core-3.2.2/lib/rspec/core/runner.rb:70:in `run'
/home/scottp/.rbenv/versions/2.2.0/lib/ruby/gems/2.2.0/gems/rspec-core-3.2.2/lib/rspec/core/runner.rb:38:in `invoke'
/home/scottp/.rbenv/versions/2.2.0/lib/ruby/gems/2.2.0/gems/rspec-core-3.2.2/exe/rspec:4:in `<top (required)>'
/home/scottp/.rbenv/versions/2.2.0/bin/rspec:23:in `load'
/home/scottp/.rbenv/versions/2.2.0/bin/rspec:23:in `<main>'
E, [2015-03-14T01:35:00.251375 #861] ERROR -- : exit (SystemExit)
/home/scottp/.rbenv/versions/2.2.0/lib/ruby/gems/2.2.0/gems/rspec-core-3.2.2/lib/rspec/core/runner.rb:39:in `exit'
/home/scottp/.rbenv/versions/2.2.0/lib/ruby/gems/2.2.0/gems/rspec-core-3.2.2/lib/rspec/core/runner.rb:39:in `invoke'
/home/scottp/.rbenv/versions/2.2.0/lib/ruby/gems/2.2.0/gems/rspec-core-3.2.2/exe/rspec:4:in `<top (required)>'
/home/scottp/.rbenv/versions/2.2.0/bin/rspec:23:in `load'
/home/scottp/.rbenv/versions/2.2.0/bin/rspec:23:in `<main>'
E, [2015-03-14T01:35:00.251614 #861] ERROR -- : ArgumentError (ArgumentError)

